[2026-03-28 18:43:21] [info] Start Program:
Path:"D:\Work\C++ POO\Tema_lab_6-7\x64\Debug\Tema_lab_6-7.exe"
Arguments:
Working directory: "D:\Work\C++ POO\Tema_lab_6-7\Tema_lab_6-7\"
Modules: Selected: D:\Work\C++ POO\Tema_lab_6-7\x64\Debug\Tema_lab_6-7.exe Excluded: 
Sources: Selected: D:\Work\C++ POO\Tema_lab_6-7\Tema_lab_6-7 Excluded: 
Log Level: Normal
Cover Children: 0
Aggregate by file: 1
Continue after C++ exception: 0
Optimized build support: 0
Export: Binary C:\Users\Snek\AppData\Local\Temp\zwimftzz.suo 
Input coverage: 
Unified diff: 
Excluded line regular expressions: 
Substitute pdb source paths: 

[2026-03-28 18:43:21] [info] Module: D:\Work\C++ POO\Tema_lab_6-7\x64\Debug\Tema_lab_6-7.exe is selected because it matches selected pattern: D:\Work\C++ POO\Tema_lab_6-7\x64\Debug\Tema_lab_6-7.exe
[2026-03-28 18:43:21] [info] ----------------------------------------------------
[2026-03-28 18:43:21] [info] Coverage binary generated in file: C:\Users\Snek\AppData\Local\Temp\zwimftzz.suo
[2026-03-28 18:43:21] [info] ----------------------------------------------------
