[2026-04-18 14:12:22] [info] Start Program:
Path:"D:\Work\C++ POO\Proiect_lab_8_9\x64\Debug\Proiect_lab_8_9.exe"
Arguments:
Working directory: "D:\Work\C++ POO\Proiect_lab_8_9\Proiect_lab_8_9\"
Modules: Selected: D:\Work\C++ POO\Proiect_lab_8_9\x64\Debug\Proiect_lab_8_9.exe Excluded: 
Sources: Selected: D:\Work\C++ POO\Proiect_lab_8_9\Proiect_lab_8_9 Excluded: 
Log Level: Normal
Cover Children: 0
Aggregate by file: 1
Continue after C++ exception: 0
Optimized build support: 0
Export: Binary C:\Users\Snek\AppData\Local\Temp\fvatsb1n.taq 
Input coverage: 
Unified diff: 
Excluded line regular expressions: 
Substitute pdb source paths: 

[2026-04-18 14:12:24] [info] Module: D:\Work\C++ POO\Proiect_lab_8_9\x64\Debug\Proiect_lab_8_9.exe is selected because it matches selected pattern: D:\Work\C++ POO\Proiect_lab_8_9\x64\Debug\Proiect_lab_8_9.exe
[2026-04-18 14:12:24] [info] ----------------------------------------------------
[2026-04-18 14:12:24] [info] Coverage binary generated in file: C:\Users\Snek\AppData\Local\Temp\fvatsb1n.taq
[2026-04-18 14:12:24] [info] ----------------------------------------------------
